<?xml version="1.0" encoding="UTF-8"?>
<!-- Generated by org.testng.reporters.JUnitReportReporter -->
<testsuite hostname="VISHALANAND" name="com.HRM.testcases.Accurals.Accurals_SmokeTest" tests="3" failures="0" timestamp="17 Sep 2016 16:44:21 GMT" time="147.556" errors="0">
  <testcase name="verifyUserAble2CreateAccuralAndAddAccrualCatForEmp" time="63.996" classname="com.HRM.testcases.Accurals.Accurals_SmokeTest"/>
  <testcase name="verifyUserAble2AddAccrualCatForEmp" time="53.054" classname="com.HRM.testcases.Accurals.Accurals_SmokeTest"/>
  <testcase name="verifyUserAble2CheckAccuralCategoryForAbsences" time="30.506" classname="com.HRM.testcases.Accurals.Accurals_SmokeTest"/>
</testsuite> <!-- com.HRM.testcases.Accurals.Accurals_SmokeTest -->
