<?xml version="1.0" encoding="UTF-8"?>
<!-- Generated by org.testng.reporters.JUnitReportReporter -->
<testsuite hostname="VISHALANAND" name="com.HRM.testcases.System.System_SmokeTest" tests="4" failures="0" timestamp="16 Sep 2016 15:21:17 GMT" time="92.946" errors="0">
  <testcase name="verifyUserAble2SearchEmp" time="30.292" classname="com.HRM.testcases.System.System_SmokeTest"/>
  <testcase name="verifyUserAble2Rebuild" time="25.380" classname="com.HRM.testcases.System.System_SmokeTest"/>
  <testcase name="verifyUserAble2ChangePassword" time="28.453" classname="com.HRM.testcases.System.System_SmokeTest"/>
  <testcase name="verifyUserAble2LoginWithChangedPassword" time="8.821" classname="com.HRM.testcases.System.System_SmokeTest"/>
</testsuite> <!-- com.HRM.testcases.System.System_SmokeTest -->
