<?xml version="1.0" encoding="UTF-8"?>
<!-- Generated by org.testng.reporters.JUnitReportReporter -->
<testsuite hostname="VISHALANAND" name="com.HRM.testcases.Reporting.Reporting_SmokeTest" tests="1" failures="0" timestamp="16 Sep 2016 15:41:41 GMT" time="140.466" errors="0">
  <testcase name="verifyUserAble2PreviewResultOfReports" time="140.466" classname="com.HRM.testcases.Reporting.Reporting_SmokeTest"/>
</testsuite> <!-- com.HRM.testcases.Reporting.Reporting_SmokeTest -->
