<?xml version="1.0" encoding="UTF-8"?>
<!-- Generated by org.testng.reporters.JUnitReportReporter -->
<testsuite hostname="VISHAL-NIVAATA" name="com.HRM.testcases.HR_TC.HR_SmokeTest" tests="2" failures="0" timestamp="1 Aug 2016 05:53:54 GMT" time="56.386" errors="0">
  <testcase name="verifyPromoteEmployee" time="41.887" classname="com.HRM.testcases.HR_TC.HR_SmokeTest"/>
  <testcase name="Login" time="14.499" classname="com.HRM.testcases.HR_TC.HR_SmokeTest"/>
</testsuite> <!-- com.HRM.testcases.HR_TC.HR_SmokeTest -->
