<?xml version="1.0" encoding="UTF-8"?>
<!-- Generated by org.testng.reporters.JUnitReportReporter -->
<testsuite hostname="VISHALANAND" name="com.HRM.testcases.Comp_TC.Compensation.Comp_SmokeTest" tests="1" failures="0" timestamp="17 Sep 2016 15:57:24 GMT" time="41.087" errors="0">
  <testcase name="verifyEmpCompensationScenarioDesign" time="41.087" classname="com.HRM.testcases.Comp_TC.Compensation.Comp_SmokeTest"/>
</testsuite> <!-- com.HRM.testcases.Comp_TC.Compensation.Comp_SmokeTest -->
