<?xml version="1.0" encoding="UTF-8"?>
<!-- Generated by org.testng.reporters.JUnitReportReporter -->
<testsuite hostname="VISHALANAND" name="com.HRM.testcases.Recruiting.Recruiting_SmokeTest" tests="1" failures="0" timestamp="27 Sep 2016 12:21:59 GMT" time="34.527" errors="0">
  <testcase name="verifyUserAblePublishPostingCSSAndWorkflow" time="34.527" classname="com.HRM.testcases.Recruiting.Recruiting_SmokeTest"/>
</testsuite> <!-- com.HRM.testcases.Recruiting.Recruiting_SmokeTest -->
