<?xml version="1.0" encoding="UTF-8"?>
<!-- Generated by org.testng.reporters.JUnitReportReporter -->
<testsuite hostname="VISHALANAND" name="com.HRM.testcases.MSS.MSS_SmokeTest" tests="1" failures="0" timestamp="17 Sep 2016 14:32:38 GMT" time="91.561" errors="0">
  <testcase name="verifyEmpAbsenceHistory" time="91.561" classname="com.HRM.testcases.MSS.MSS_SmokeTest"/>
</testsuite> <!-- com.HRM.testcases.MSS.MSS_SmokeTest -->
