<?xml version="1.0" encoding="UTF-8"?>
<!-- Generated by org.testng.reporters.JUnitReportReporter -->
<testsuite hostname="VISHALANAND" name="com.HRM.rough.HRLogin" tests="1" failures="0" timestamp="19 Aug 2016 11:43:18 GMT" time="46.836" errors="0">
  <testcase name="AddNewHireRehireTerminateDeleteEmpRec" time="46.836" classname="com.HRM.rough.HRLogin"/>
</testsuite> <!-- com.HRM.rough.HRLogin -->
