<?xml version="1.0" encoding="UTF-8"?>
<!-- Generated by org.testng.reporters.JUnitReportReporter -->
<testsuite hostname="VISHALANAND" name="com.HRM.testcases.Training.Training_SmokeTest" tests="2" failures="0" timestamp="17 Sep 2016 13:22:39 GMT" time="446.029" errors="0">
  <testcase name="verifyUserAble2Enroll2ClassAndPresentInClassCalendar" time="209.962" classname="com.HRM.testcases.Training.Training_SmokeTest"/>
  <testcase name="verifyMSSUserAble2Enroll2Class" time="236.067" classname="com.HRM.testcases.Training.Training_SmokeTest"/>
</testsuite> <!-- com.HRM.testcases.Training.Training_SmokeTest -->
