<?xml version="1.0" encoding="UTF-8"?>
<!-- Generated by org.testng.reporters.JUnitReportReporter -->
<testsuite hostname="VISHALANAND" name="com.HRM.testcases.Benefits.Benefits_SmokeTest" tests="1" failures="0" timestamp="19 Sep 2016 13:05:24 GMT" time="53.485" errors="0">
  <testcase name="verifyUserAble2ALEGroupSetup" time="53.485" classname="com.HRM.testcases.Benefits.Benefits_SmokeTest"/>
</testsuite> <!-- com.HRM.testcases.Benefits.Benefits_SmokeTest -->
