<?xml version="1.0" encoding="UTF-8"?>
<!-- Generated by org.testng.reporters.JUnitReportReporter -->
<testsuite hostname="VISHALANAND" name="com.HRM.testcases.HR_TC.Processes.HR_SmokeTest_Process" tests="1" failures="0" timestamp="24 Aug 2016 09:05:06 GMT" time="65.270" errors="0">
  <testcase name="verifyPromoteEmployee" time="65.270" classname="com.HRM.testcases.HR_TC.Processes.HR_SmokeTest_Process"/>
</testsuite> <!-- com.HRM.testcases.HR_TC.Processes.HR_SmokeTest_Process -->
