<?xml version="1.0" encoding="UTF-8"?>
<!-- Generated by org.testng.reporters.JUnitReportReporter -->
<testsuite hostname="VISHALANAND" name="com.HRM.testcases.Timesheet.TimeSheet_SmokeTest" tests="6" failures="0" timestamp="16 Sep 2016 18:38:49 GMT" time="543.098" errors="0">
  <testcase name="verifyTimeSheetGroupCreationWithWorkWeekStartDay" time="78.864" classname="com.HRM.testcases.Timesheet.TimeSheet_SmokeTest"/>
  <testcase name="verifyAssignTimeSheet2Employee" time="97.681" classname="com.HRM.testcases.Timesheet.TimeSheet_SmokeTest"/>
  <testcase name="verifyTimeSheetActivity" time="88.665" classname="com.HRM.testcases.Timesheet.TimeSheet_SmokeTest"/>
  <testcase name="verifyUserAbleToAsssignNewlyCreatedTimeSheetGroup" time="146.202" classname="com.HRM.testcases.Timesheet.TimeSheet_SmokeTest"/>
  <testcase name="verifyTimeSheetGroupCreation" time="71.509" classname="com.HRM.testcases.Timesheet.TimeSheet_SmokeTest"/>
  <testcase name="verifyTimeSheetPeriodCreation" time="60.177" classname="com.HRM.testcases.Timesheet.TimeSheet_SmokeTest"/>
</testsuite> <!-- com.HRM.testcases.Timesheet.TimeSheet_SmokeTest -->
