<?xml version="1.0" encoding="UTF-8"?>
<!-- Generated by org.testng.reporters.JUnitReportReporter -->
<testsuite hostname="VishalAnandMacBookPro.local" name="com.HRM.testcases.Recruiting.Recruiting_SmokeTest" tests="1" failures="0" timestamp="27 Sep 2016 15:45:16 GMT" time="42.181" errors="0">
  <testcase name="verifyUserAblePublishPostingCSSAndWorkflow" time="42.181" classname="com.HRM.testcases.Recruiting.Recruiting_SmokeTest"/>
</testsuite> <!-- com.HRM.testcases.Recruiting.Recruiting_SmokeTest -->
