<?xml version="1.0" encoding="UTF-8"?>
<!-- Generated by org.testng.reporters.JUnitReportReporter -->
<testsuite hostname="VISHALANAND" name="com.HRM.testcases.Performance.Performance_SmokeTest" tests="3" failures="1" timestamp="17 Sep 2016 14:08:36 GMT" time="182.815" errors="0">
  <testcase name="verify_user_is_able_to_CreateGoalsforEmp" time="51.543" classname="com.HRM.testcases.Performance.Performance_SmokeTest"/>
  <testcase name="verify_user_is_able_to_OpenPerfObjectives" time="83.290" classname="com.HRM.testcases.Performance.Performance_SmokeTest">
    <failure type="java.lang.AssertionError" message="The following asserts failed:
	expected [Performance Objectives Review Open Workflow] but found [MGR to Compensation Manager],
	expected [Completed] but found []">
      <![CDATA[java.lang.AssertionError: The following asserts failed:
	expected [Performance Objectives Review Open Workflow] but found [MGR to Compensation Manager],
	expected [Completed] but found []
	at org.testng.asserts.SoftAssert.assertAll(SoftAssert.java:43)
	at com.HRM.testcases.Performance.Performance_SmokeTest.verify_user_is_able_to_OpenPerfObjectives(Performance_SmokeTest.java:1596)
	at sun.reflect.NativeMethodAccessorImpl.invoke0(Native Method)
	at sun.reflect.NativeMethodAccessorImpl.invoke(NativeMethodAccessorImpl.java:57)
	at sun.reflect.DelegatingMethodAccessorImpl.invoke(DelegatingMethodAccessorImpl.java:43)
	at java.lang.reflect.Method.invoke(Method.java:606)
	at org.testng.internal.MethodInvocationHelper.invokeMethod(MethodInvocationHelper.java:85)
	at org.testng.internal.Invoker.invokeMethod(Invoker.java:639)
	at org.testng.internal.Invoker.invokeTestMethod(Invoker.java:816)
	at org.testng.internal.Invoker.invokeTestMethods(Invoker.java:1124)
	at org.testng.internal.TestMethodWorker.invokeTestMethods(TestMethodWorker.java:125)
	at org.testng.internal.TestMethodWorker.run(TestMethodWorker.java:108)
	at org.testng.TestRunner.privateRun(TestRunner.java:774)
	at org.testng.TestRunner.run(TestRunner.java:624)
	at org.testng.SuiteRunner.runTest(SuiteRunner.java:359)
	at org.testng.SuiteRunner.runSequentially(SuiteRunner.java:354)
	at org.testng.SuiteRunner.privateRun(SuiteRunner.java:312)
	at org.testng.SuiteRunner.run(SuiteRunner.java:261)
	at org.testng.SuiteRunnerWorker.runSuite(SuiteRunnerWorker.java:52)
	at org.testng.SuiteRunnerWorker.run(SuiteRunnerWorker.java:86)
	at org.testng.TestNG.runSuitesSequentially(TestNG.java:1215)
	at org.testng.TestNG.runSuitesLocally(TestNG.java:1140)
	at org.testng.TestNG.run(TestNG.java:1048)
	at org.testng.remote.RemoteTestNG.run(RemoteTestNG.java:112)
	at org.testng.remote.RemoteTestNG.initAndRun(RemoteTestNG.java:205)
	at org.testng.remote.RemoteTestNG.main(RemoteTestNG.java:176)
]]>
    </failure>
  </testcase> <!-- verify_user_is_able_to_OpenPerfObjectives -->
  <testcase name="verify_user_is_able_to_CreatePeriodicMngRevPrdEmpMngrObjectives" time="47.982" classname="com.HRM.testcases.Performance.Performance_SmokeTest"/>
</testsuite> <!-- com.HRM.testcases.Performance.Performance_SmokeTest -->
