<?xml version="1.0" encoding="UTF-8"?>
<!-- Generated by org.testng.reporters.JUnitReportReporter -->
<testsuite hostname="VISHALANAND" name="com.HRM.testcases.Payroll.Payroll_SmokeTest" tests="2" failures="0" timestamp="16 Sep 2016 13:01:15 GMT" time="347.461" errors="0">
  <testcase name="verifyUserAble2CreatePayrollGroup" time="78.217" classname="com.HRM.testcases.Payroll.Payroll_SmokeTest"/>
  <testcase name="verifyUserAble2CreatePayrollPrefix" time="269.244" classname="com.HRM.testcases.Payroll.Payroll_SmokeTest"/>
</testsuite> <!-- com.HRM.testcases.Payroll.Payroll_SmokeTest -->
