<?xml version="1.0" encoding="UTF-8"?>
<!-- Generated by org.testng.reporters.JUnitReportReporter -->
<testsuite hostname="VISHAL-NIVAATA" name="com.HRM.testcases.HR_TC.Processes.HR_SmokeTest" tests="2" failures="0" timestamp="1 Aug 2016 09:44:53 GMT" time="49.730" errors="0">
  <testcase name="verifyPromoteEmployee" time="39.181" classname="com.HRM.testcases.HR_TC.Processes.HR_SmokeTest"/>
  <testcase name="Login" time="10.549" classname="com.HRM.testcases.HR_TC.Processes.HR_SmokeTest"/>
</testsuite> <!-- com.HRM.testcases.HR_TC.Processes.HR_SmokeTest -->
