<?xml version="1.0" encoding="UTF-8"?>
<!-- Generated by org.testng.reporters.JUnitReportReporter -->
<testsuite hostname="VISHALANAND" name="com.HRM.testcases.HR_TC.Employees.HR_SmokeTest_Emp" tests="1" failures="0" timestamp="23 Sep 2016 08:45:48 GMT" time="113.960" errors="0">
  <testcase name="AddNewHireEmpWithSSN" time="113.960" classname="com.HRM.testcases.HR_TC.Employees.HR_SmokeTest_Emp"/>
</testsuite> <!-- com.HRM.testcases.HR_TC.Employees.HR_SmokeTest_Emp -->
