<?xml version="1.0" encoding="UTF-8"?>
<!-- Generated by org.testng.reporters.JUnitReportReporter -->
<testsuite hostname="VISHALANAND" name="com.HRM.testcases.Authorization.Authorization_SmokeTest" tests="1" failures="0" timestamp="27 Sep 2016 08:22:48 GMT" time="73.234" errors="0">
  <testcase name="verifyUserAble2EditAuthorizationProxy" time="73.234" classname="com.HRM.testcases.Authorization.Authorization_SmokeTest"/>
</testsuite> <!-- com.HRM.testcases.Authorization.Authorization_SmokeTest -->
